<?xml version="1.0" encoding="UTF-8"?>
<!-- Generated by org.testng.reporters.JUnitXMLReporter -->
<testsuite hostname="DESKTOP-VQCK5T1" ignored="0" name="Test" tests="3" failures="1" timestamp="06 Oct 2019 19:52:27 GMT" time="113.36" errors="0">
  <testcase name="StartChromeBrowser" time="1.555" classname="com.jquery.ui.JqueryUITest">
    <failure type="java.lang.AssertionError" message="expected [https://jqueryui.com/vih8y] but found [https://jqueryui.com/]">
      <![CDATA[java.lang.AssertionError: expected [https://jqueryui.com/vih8y] but found [https://jqueryui.com/]
at com.jquery.ui.JqueryUITest.StartChromeBrowser(JqueryUITest.java:35)
... Removed 31 stack frames]]>
    </failure>
  </testcase> <!-- StartChromeBrowser -->
  <testcase name="interactions" time="23.431" classname="com.jquery.ui.JqueryUITest"/>
  <testcase name="widgets" time="66.304" classname="com.jquery.ui.JqueryUITest"/>
</testsuite> <!-- Test -->
